<?xml version="1.0" encoding="UTF-8"?>
<testsuite name="censusanalyser.CensusAnalyserTest" tests="1" skipped="0" failures="0" errors="0" timestamp="2019-12-11T11:26:40" hostname="admin142-desktop" time="0.002">
  <properties/>
  <testcase name="givenIndiaCensusData_WhenFileIsEmpty_ShouldReturnSortedResult" classname="censusanalyser.CensusAnalyserTest" time="0.002"/>
  <system-out><![CDATA[]]></system-out>
  <system-err><![CDATA[]]></system-err>
</testsuite>
